{
 "cells": [
  {
   "cell_type": "markdown",
   "metadata": {},
   "source": [
    "# 实习4 空间查询处理和优化"
   ]
  },
  {
   "cell_type": "raw",
   "metadata": {},
   "source": [
    "姓名：秦卫付"
   ]
  },
  {
   "cell_type": "raw",
   "metadata": {},
   "source": [
    "学号：3170106249"
   ]
  },
  {
   "cell_type": "markdown",
   "metadata": {},
   "source": [
    "**实习目的：**理解(空间)查询处理与优化流程，掌握关系代数优化和基于代价的查询规划，掌握空间填充曲线在常用空间查询下的代价，掌握PostgreSQL的查询规划和GiST索引创建与使用，理解索引在基于代价的查询规划中的作用。\n",
    "\n",
    "**注意事项：**\n",
    "* Natural Earth数据有误，台湾是中国领土不可分割的一部分\n",
    "* SQL语句的错误输出为乱码时，修改SET client_encoding = 'GBK';或SET client_encoding = 'UTF-8';，重新连接数据库\n",
    "* Jupyter Notebook对SQL语句的错误提示较弱，可以先在pgAdmin 4上执行，查看详细的错误信息\n",
    "* 实习4\\_学号\\_姓名.ipynb替换其中的学号和姓名，包含执行结果，发送到zjusdb@163.com\n",
    "* 实习4总分50分，实习4截止日期**2019.4.28**"
   ]
  },
  {
   "cell_type": "markdown",
   "metadata": {},
   "source": [
    "### 1. 空间计算（2分）\n",
    "\n",
    "2016年Communications of The ACM上发表了一篇[Spatial Computing](http://www.cad.zju.edu.cn/home/ybtao/sdb/resources/CACM2016.pdf)论文，中文翻译[空间计算](http://www.cad.zju.edu.cn/home/ybtao/sdb/resources/CCCF2016.pdf)，其主要观点如下：\n",
    "* Starting with the public availability of GPS, spatial computing has enriched our lives through location-based services (such as Google Maps, Uber, geotagging, and geotargeted, including Amber, alerts).\n",
    "* It has also advanced computer science through ideas like spatial databases (such as R-tree and OGIS simple features library), spatial statistics (such as point process theory and Kriging), and spatial data mining (such as robust hotspot detection).\n",
    "* Future potentially transformative opportunities include ubiquitous indoor location-based services, the location-aware Internet of Physical Things, continuous global monitoring, visualization, forecast, alerts, and warnings to address societal challenges like climate change and how to provide adequate food, energy, and water.\n",
    "\n",
    "阅读该论文，根据文中内容回答以下问题。"
   ]
  },
  {
   "cell_type": "markdown",
   "metadata": {},
   "source": [
    "1.1 空间数据库的哪些方面在已有的空间计算中发挥了重要作用？（1分）"
   ]
  },
  {
   "cell_type": "raw",
   "metadata": {},
   "source": [
    "空间数据类型、操作、空间数据结构以及算法用来表达及有效执行多级并发空间查询"
   ]
  },
  {
   "cell_type": "markdown",
   "metadata": {},
   "source": [
    "1.2 从近期和长远来看，空间计算将如何促进空间数据库和空间统计的发展？（1分）"
   ]
  },
  {
   "cell_type": "raw",
   "metadata": {},
   "source": [
    "近期：增强现实系统、空间预测分析、空间协作系统、队伍和群体、将空间计算扩展到室内、水下和地下空间\n",
    "长远：从融合到协同、从传感到云端、重视空间认知、地理隐私\n"
   ]
  },
  {
   "cell_type": "markdown",
   "metadata": {},
   "source": [
    "### 2. 空间数据应用（2分）\n",
    "\n",
    "[Geospatial Revolution](http://geospatialrevolution.psu.edu/)是关于地理空间革命的科普视频，共4集，每集内容描述如下：\n",
    "* Episode 1: covers what is involved in the geospatial revolution, the origins of mapping and geospatial technology, and a look at the use of crisis mapping in Haitian earthquake relief efforts.\n",
    "* Episode 2: looks at how local governments and business use geospatial technology to deliver services and run efficiently, keeping a continuing eye on future developments and applications.\n",
    "* Episode 3: explores geospatial technology in the world of security: how new technologies help to broker peace, wage war, and fight crime but can also compromise personal privacy.\n",
    "* Episode 4: explores geospatial technology around the world: monitoring global climate change, preventing famine, tracking disease and mapping communities never before seen on a map.\n",
    "\n",
    "观看Geospatial Revolution Episode 2，[Bilibili链接](https://www.bilibili.com/video/av10498825/) (复制链接地址在浏览器中打开)，从中选择一个你最感兴趣的应用，请用1-2句话描述选择的应用，并给出可能需要哪些地理空间数据？（2分）"
   ]
  },
  {
   "cell_type": "raw",
   "metadata": {},
   "source": [
    "快递行业：将数据转化为认知 ，通过空间查询找到最优（成本最低）的送货路线；有新的快递要揽件时，可以查询那个司机最合适去取件，监控司机的情况保障司机和客户的安全等。\n",
    "可能用到的空间数据：送货地址信息、司机位置信息、货物信息、城市道路、街道等地图信息、实时位置信息\n"
   ]
  },
  {
   "cell_type": "markdown",
   "metadata": {},
   "source": [
    "### 3. 代价估计与索引（14分）\n",
    "\n",
    "健身俱乐部设计了如下数据库，用来记录会员在不同城市的健身情况：<br/>\n",
    "&ensp;&ensp;&ensp; Gym (**gid**, name, city)<br/>\n",
    "&ensp;&ensp;&ensp; Member (**mid**, name, is_student, birthdate, city)<br/>\n",
    "&ensp;&ensp;&ensp; Visits (**timestamp**, **mid**, gid)<br/>\n",
    "其中黑体属性是各关系的主键，Visits的mid和gid是Gym和Members的外键。\n",
    "\n",
    "Member和Visits在数据库中的统计信息如下：<br/>\n",
    "T(Member) = 500, B(Member) = 100, V(Member, city) = 10, V(Member, is_student) = 2<br/>\n",
    "T(Visits) = 5000, B(Visits) = 400, V(Visits, mid) = 500<br/>\n",
    "其中T表示关系的记录数目，B表示关系的磁盘页或Block数目，V表示属性不同取值的个数。"
   ]
  },
  {
   "cell_type": "markdown",
   "metadata": {},
   "source": [
    "3.1 对于查询<br/>\n",
    "&ensp;&ensp;&ensp; Select name <br/>\n",
    "&ensp;&ensp;&ensp; From Member <br/>\n",
    "&ensp;&ensp;&ensp; Where city = '杭州' and is_student = True;<br/>\n",
    "基于下列条件估计磁盘I/O cost，即Block的读取块数。对于$\\sigma_{a=?}(R)$查询，返回的记录数目为T(R) * 1 / V(R,a) (5分)"
   ]
  },
  {
   "cell_type": "markdown",
   "metadata": {},
   "source": [
    "3.1.1 没有索引"
   ]
  },
  {
   "cell_type": "raw",
   "metadata": {},
   "source": [
    "Cost = 100"
   ]
  },
  {
   "cell_type": "markdown",
   "metadata": {},
   "source": [
    "3.1.2 Member的city属性上有非聚集索引"
   ]
  },
  {
   "cell_type": "raw",
   "metadata": {},
   "source": [
    "Cost = 50"
   ]
  },
  {
   "cell_type": "markdown",
   "metadata": {},
   "source": [
    "3.1.3 Member的city属性上有聚集索引"
   ]
  },
  {
   "cell_type": "raw",
   "metadata": {},
   "source": [
    "Cost = 10"
   ]
  },
  {
   "cell_type": "markdown",
   "metadata": {},
   "source": [
    "3.1.4 Member的is_student属性上有非聚集索引"
   ]
  },
  {
   "cell_type": "raw",
   "metadata": {},
   "source": [
    "Cost = 100"
   ]
  },
  {
   "cell_type": "markdown",
   "metadata": {},
   "source": [
    "3.1.5 Member的(city,is_student)属性上有非聚集索引"
   ]
  },
  {
   "cell_type": "raw",
   "metadata": {},
   "source": [
    "Cost = 25"
   ]
  },
  {
   "cell_type": "markdown",
   "metadata": {},
   "source": [
    "3.2 对于查询<br/>\n",
    "&ensp;&ensp;&ensp; Select name, count(\\*) <br/>\n",
    "&ensp;&ensp;&ensp; From Member M, Visits V <br/>\n",
    "&ensp;&ensp;&ensp; Where M.mid = V.mid and city = '杭州' and is_student = True <br/>\n",
    "&ensp;&ensp;&ensp; Group By name;<br/>\n",
    "考虑查询中的Join部分，可以使用nested loop, merge join, hash join等算法。假设内存足够大，没有临时表存储到磁盘，基于以下等价的关系代数查询树，估计磁盘I/O cost。对于$R\\Join S$查询，nested loop的I/O cost为B(R) + B(R) \\* S(R)或S(R) + B(R) \\* S(R)。(5分)\n",
    "<img src = \"querytree.png\"/>"
   ]
  },
  {
   "cell_type": "markdown",
   "metadata": {},
   "source": [
    "3.2.1 基于左边查询树(先Join后Select)，没有索引，使用nested loop的最小I/O cost"
   ]
  },
  {
   "cell_type": "raw",
   "metadata": {},
   "source": [
    "Cost = 40100"
   ]
  },
  {
   "cell_type": "markdown",
   "metadata": {},
   "source": [
    "3.2.2 基于左边查询树(先Join后Select)，Visits的mid属性上有非聚集索引，使用nested loop with index的最小I/O cost"
   ]
  },
  {
   "cell_type": "raw",
   "metadata": {},
   "source": [
    "Cost = 1100"
   ]
  },
  {
   "cell_type": "markdown",
   "metadata": {},
   "source": [
    "3.2.3 基于左边查询树(先Join后Select)，Visits的mid属性上有聚集索引，使用nested loop with index的最小I/O cost"
   ]
  },
  {
   "cell_type": "raw",
   "metadata": {},
   "source": [
    "Cost = 200"
   ]
  },
  {
   "cell_type": "markdown",
   "metadata": {},
   "source": [
    "3.2.4 基于右边查询树(先Select后Join)，Member的(city,is_student)属性上有非聚集索引，使用nested loop的的I/O cost"
   ]
  },
  {
   "cell_type": "raw",
   "metadata": {},
   "source": [
    "Cost = 10025"
   ]
  },
  {
   "cell_type": "markdown",
   "metadata": {},
   "source": [
    "3.2.5 基于右边查询树(先Select后Join)，Member的(city,is_student)属性上有非聚集索引，Visits的mid属性上有非聚集索引，使用nested loop的的I/O cost"
   ]
  },
  {
   "cell_type": "raw",
   "metadata": {},
   "source": [
    "Cost = 275"
   ]
  },
  {
   "cell_type": "markdown",
   "metadata": {
    "collapsed": true
   },
   "source": [
    "3.3 健身俱乐部发现会员签到非常慢，邀请你来优化他们的数据库。在分析数据库后，你发现属性上创建了很多索引，包括Visits上的mid聚集索引。为什么mid聚集索引会使用户签到变慢，即插入一个新的Visit变慢？你需要什么信息来决定保留哪些索引和删除哪些索引？(2分)"
   ]
  },
  {
   "cell_type": "raw",
   "metadata": {
    "collapsed": true
   },
   "source": [
    "变慢的原因：每次插入都要找到要插入的正确位置\n",
    "可以把visits上的mid聚类索引改为非聚类索引\n"
   ]
  },
  {
   "cell_type": "markdown",
   "metadata": {},
   "source": [
    "3.4 你构建了索引选择工具来度量某个索引对常用查询的性能提升(越高越好)。索引1(city, is_student)带来的性能提升是10，索引2(city, is_student, birthday)带来的性能提升是12，索引3(city, birthday)带来的性能提升是7。假设你只能保留2个索引，你会选择哪两个索引，理由是什么？(2分)"
   ]
  },
  {
   "cell_type": "raw",
   "metadata": {},
   "source": [
    "索引1和索引3\n",
    "两个关键字的索引可以在查询时组合出更多的可能性，实用性更强\n"
   ]
  },
  {
   "cell_type": "markdown",
   "metadata": {},
   "source": [
    "### 4. 空间填充曲线 (10分)\n",
    "\n",
    "15个点存储在空间数据库中，如下图标识的A-O点，假设每个数据页最多存储两个数据点，Point Query和Nearest Neighbor Query为红色查询点，Range Query为黑色查询框。\n",
    "<img src = \"curve.png\"/>"
   ]
  },
  {
   "cell_type": "markdown",
   "metadata": {},
   "source": [
    "4.1 假设这些点使用heap file存储，即乱序存储，以下查询需要访问最少多少数据页？(3分)"
   ]
  },
  {
   "cell_type": "raw",
   "metadata": {},
   "source": [
    "Point Query:1 \n",
    "Range Query: 2\n",
    "Nearest Neighbor Query: 5"
   ]
  },
  {
   "cell_type": "markdown",
   "metadata": {},
   "source": [
    "4.2 构建4x4的Hilbert Curve，数据点按照Hilbert value的顺序存储，使用()表示一个数据页，给出数据点在数据库中的存储顺序。(2分)"
   ]
  },
  {
   "cell_type": "raw",
   "metadata": {},
   "source": [
    "(A, B)(E, D)(I,L)(M,J)(N,O)(K,H)(G,F)(C)"
   ]
  },
  {
   "cell_type": "markdown",
   "metadata": {},
   "source": [
    "4.3 基于Hilbert Curve存储的数据点，以下查询需要访问最少多少数据页？(5分)"
   ]
  },
  {
   "cell_type": "raw",
   "metadata": {},
   "source": [
    "Point Query: 1\n",
    "具体步骤：访问Hilbert Curve数值为8的数据页\n",
    "\n",
    "Range Query: 3\n",
    "具体步骤：访问Hilbert Curve数值为3/8/9/12/13/14的数据页\n",
    "\n",
    "Nearest Neighbor Query: 5\n",
    "具体步骤：访问查询点所在区域周围一圈的区域"
   ]
  },
  {
   "cell_type": "markdown",
   "metadata": {},
   "source": [
    "### 5. 关系代数表达式优化（4分）"
   ]
  },
  {
   "cell_type": "markdown",
   "metadata": {},
   "source": [
    "通过pgAdmin 4在PostgreSQL数据库中创建lab4数据库，增加postgis扩展，并连接该数据库"
   ]
  },
  {
   "cell_type": "code",
   "execution_count": 5,
   "metadata": {},
   "outputs": [
    {
     "name": "stdout",
     "output_type": "stream",
     "text": [
      "The sql extension is already loaded. To reload it, use:\n",
      "  %reload_ext sql\n"
     ]
    }
   ],
   "source": [
    "%load_ext sql\n",
    "import time\n",
    "import random\n",
    "\n",
    "# To help render markdown\n",
    "from IPython.core.display import display, HTML\n",
    "from markdown import markdown\n",
    "def render_markdown_raw(m): return display(HTML(markdown(m))) # must be last element of cell.\n",
    "def render_markdown(m): return render_markdown_raw(m.toMD())\n",
    "def cost_markdown(q): \n",
    "    q.reset_count()\n",
    "    get_result(q) # run the counters\n",
    "    return display(HTML(markdown(\"Total Reads: {0}\\n\\n\".format(q.total_count()) + q.toCount(0))))\n",
    "\n",
    "# import the relational algbera operators\n",
    "from relation_algebra import Select, Project, Union, NJoin, CrossProduct, BaseRelation\n",
    "from relation_algebra import get_result, compare_results"
   ]
  },
  {
   "cell_type": "code",
   "execution_count": 6,
   "metadata": {},
   "outputs": [
    {
     "name": "stdout",
     "output_type": "stream",
     "text": [
      "Done.\n",
      "Done.\n",
      "Done.\n",
      "Done.\n",
      "Done.\n"
     ]
    },
    {
     "data": {
      "text/plain": [
       "[]"
      ]
     },
     "execution_count": 6,
     "metadata": {},
     "output_type": "execute_result"
    }
   ],
   "source": [
    "%%sql postgresql://postgres:qwf123@localhost:5432/lab4\n",
    "\n",
    "SET statement_timeout = 0;\n",
    "SET lock_timeout = 0;\n",
    "SET client_encoding = 'utf-8';\n",
    "SET standard_conforming_strings = on;\n",
    "SET check_function_bodies = false;"
   ]
  },
  {
   "cell_type": "markdown",
   "metadata": {},
   "source": [
    "关系代数表达式优化参考课堂练习6。创建表R,S,T，并插入数据"
   ]
  },
  {
   "cell_type": "code",
   "execution_count": 3,
   "metadata": {},
   "outputs": [
    {
     "name": "stdout",
     "output_type": "stream",
     "text": [
      " * postgresql://postgres:***@localhost:5432/lab4\n",
      "Done.\n",
      "Done.\n",
      "Done.\n",
      "Done.\n",
      "Done.\n",
      "Done.\n"
     ]
    },
    {
     "data": {
      "text/plain": [
       "[]"
      ]
     },
     "execution_count": 3,
     "metadata": {},
     "output_type": "execute_result"
    }
   ],
   "source": [
    "%%sql\n",
    "drop table if exists R; create table R(a int, b int);\n",
    "drop table if exists S; create table S(b int, c int);\n",
    "drop table if exists T; create table T(c int, d int);"
   ]
  },
  {
   "cell_type": "code",
   "execution_count": 4,
   "metadata": {},
   "outputs": [
    {
     "name": "stdout",
     "output_type": "stream",
     "text": [
      " * postgresql://postgres:***@localhost:5432/lab4\n",
      "1 rows affected.\n",
      " * postgresql://postgres:***@localhost:5432/lab4\n",
      "1 rows affected.\n",
      " * postgresql://postgres:***@localhost:5432/lab4\n",
      "1 rows affected.\n",
      " * postgresql://postgres:***@localhost:5432/lab4\n",
      "1 rows affected.\n",
      " * postgresql://postgres:***@localhost:5432/lab4\n",
      "1 rows affected.\n",
      " * postgresql://postgres:***@localhost:5432/lab4\n",
      "1 rows affected.\n",
      " * postgresql://postgres:***@localhost:5432/lab4\n",
      "1 rows affected.\n",
      " * postgresql://postgres:***@localhost:5432/lab4\n",
      "1 rows affected.\n",
      " * postgresql://postgres:***@localhost:5432/lab4\n",
      "1 rows affected.\n",
      " * postgresql://postgres:***@localhost:5432/lab4\n",
      "1 rows affected.\n",
      " * postgresql://postgres:***@localhost:5432/lab4\n",
      "1 rows affected.\n",
      " * postgresql://postgres:***@localhost:5432/lab4\n",
      "1 rows affected.\n",
      " * postgresql://postgres:***@localhost:5432/lab4\n",
      "1 rows affected.\n",
      " * postgresql://postgres:***@localhost:5432/lab4\n",
      "1 rows affected.\n",
      " * postgresql://postgres:***@localhost:5432/lab4\n",
      "1 rows affected.\n",
      " * postgresql://postgres:***@localhost:5432/lab4\n",
      "1 rows affected.\n",
      " * postgresql://postgres:***@localhost:5432/lab4\n",
      "1 rows affected.\n",
      " * postgresql://postgres:***@localhost:5432/lab4\n",
      "1 rows affected.\n",
      " * postgresql://postgres:***@localhost:5432/lab4\n",
      "1 rows affected.\n",
      " * postgresql://postgres:***@localhost:5432/lab4\n",
      "1 rows affected.\n",
      " * postgresql://postgres:***@localhost:5432/lab4\n",
      "1 rows affected.\n",
      " * postgresql://postgres:***@localhost:5432/lab4\n",
      "1 rows affected.\n",
      " * postgresql://postgres:***@localhost:5432/lab4\n",
      "1 rows affected.\n",
      " * postgresql://postgres:***@localhost:5432/lab4\n",
      "1 rows affected.\n",
      " * postgresql://postgres:***@localhost:5432/lab4\n",
      "1 rows affected.\n",
      " * postgresql://postgres:***@localhost:5432/lab4\n",
      "1 rows affected.\n",
      " * postgresql://postgres:***@localhost:5432/lab4\n",
      "1 rows affected.\n",
      " * postgresql://postgres:***@localhost:5432/lab4\n",
      "1 rows affected.\n",
      " * postgresql://postgres:***@localhost:5432/lab4\n",
      "1 rows affected.\n",
      " * postgresql://postgres:***@localhost:5432/lab4\n",
      "1 rows affected.\n",
      " * postgresql://postgres:***@localhost:5432/lab4\n",
      "1 rows affected.\n",
      " * postgresql://postgres:***@localhost:5432/lab4\n",
      "1 rows affected.\n",
      " * postgresql://postgres:***@localhost:5432/lab4\n",
      "1 rows affected.\n",
      " * postgresql://postgres:***@localhost:5432/lab4\n",
      "1 rows affected.\n",
      " * postgresql://postgres:***@localhost:5432/lab4\n",
      "1 rows affected.\n",
      " * postgresql://postgres:***@localhost:5432/lab4\n",
      "1 rows affected.\n",
      " * postgresql://postgres:***@localhost:5432/lab4\n",
      "1 rows affected.\n",
      " * postgresql://postgres:***@localhost:5432/lab4\n",
      "1 rows affected.\n",
      " * postgresql://postgres:***@localhost:5432/lab4\n",
      "1 rows affected.\n",
      " * postgresql://postgres:***@localhost:5432/lab4\n",
      "1 rows affected.\n",
      " * postgresql://postgres:***@localhost:5432/lab4\n",
      "1 rows affected.\n",
      " * postgresql://postgres:***@localhost:5432/lab4\n",
      "1 rows affected.\n",
      " * postgresql://postgres:***@localhost:5432/lab4\n",
      "1 rows affected.\n",
      " * postgresql://postgres:***@localhost:5432/lab4\n",
      "1 rows affected.\n",
      " * postgresql://postgres:***@localhost:5432/lab4\n",
      "1 rows affected.\n",
      " * postgresql://postgres:***@localhost:5432/lab4\n",
      "1 rows affected.\n",
      " * postgresql://postgres:***@localhost:5432/lab4\n",
      "1 rows affected.\n",
      " * postgresql://postgres:***@localhost:5432/lab4\n",
      "1 rows affected.\n",
      " * postgresql://postgres:***@localhost:5432/lab4\n",
      "1 rows affected.\n",
      " * postgresql://postgres:***@localhost:5432/lab4\n",
      "1 rows affected.\n",
      " * postgresql://postgres:***@localhost:5432/lab4\n",
      "1 rows affected.\n",
      " * postgresql://postgres:***@localhost:5432/lab4\n",
      "1 rows affected.\n",
      " * postgresql://postgres:***@localhost:5432/lab4\n",
      "1 rows affected.\n",
      " * postgresql://postgres:***@localhost:5432/lab4\n",
      "1 rows affected.\n",
      " * postgresql://postgres:***@localhost:5432/lab4\n",
      "1 rows affected.\n",
      " * postgresql://postgres:***@localhost:5432/lab4\n",
      "1 rows affected.\n",
      " * postgresql://postgres:***@localhost:5432/lab4\n",
      "1 rows affected.\n",
      " * postgresql://postgres:***@localhost:5432/lab4\n",
      "1 rows affected.\n",
      " * postgresql://postgres:***@localhost:5432/lab4\n",
      "1 rows affected.\n",
      " * postgresql://postgres:***@localhost:5432/lab4\n",
      "1 rows affected.\n",
      " * postgresql://postgres:***@localhost:5432/lab4\n",
      "1 rows affected.\n",
      " * postgresql://postgres:***@localhost:5432/lab4\n",
      "1 rows affected.\n",
      " * postgresql://postgres:***@localhost:5432/lab4\n",
      "1 rows affected.\n",
      " * postgresql://postgres:***@localhost:5432/lab4\n",
      "1 rows affected.\n",
      " * postgresql://postgres:***@localhost:5432/lab4\n",
      "1 rows affected.\n",
      " * postgresql://postgres:***@localhost:5432/lab4\n",
      "1 rows affected.\n",
      " * postgresql://postgres:***@localhost:5432/lab4\n",
      "1 rows affected.\n",
      " * postgresql://postgres:***@localhost:5432/lab4\n",
      "1 rows affected.\n",
      " * postgresql://postgres:***@localhost:5432/lab4\n",
      "1 rows affected.\n",
      " * postgresql://postgres:***@localhost:5432/lab4\n",
      "1 rows affected.\n",
      " * postgresql://postgres:***@localhost:5432/lab4\n",
      "1 rows affected.\n",
      " * postgresql://postgres:***@localhost:5432/lab4\n",
      "1 rows affected.\n",
      " * postgresql://postgres:***@localhost:5432/lab4\n",
      "1 rows affected.\n",
      " * postgresql://postgres:***@localhost:5432/lab4\n",
      "1 rows affected.\n",
      " * postgresql://postgres:***@localhost:5432/lab4\n",
      "1 rows affected.\n"
     ]
    }
   ],
   "source": [
    "for b in range(0,5,1):\n",
    "    for a in range(0,10,2):\n",
    "        %sql INSERT INTO R VALUES (:a, :b);\n",
    "for b in range(0,5,1):\n",
    "    for c in range(0,10,2):\n",
    "        %sql INSERT INTO S VALUES (:b, :c);\n",
    "for c in range(0,5,1):\n",
    "    for d in range(0,10,2):\n",
    "        %sql INSERT INTO T VALUES (:c, :d);"
   ]
  },
  {
   "cell_type": "markdown",
   "metadata": {},
   "source": [
    "回顾关系代数表达式基本形式"
   ]
  },
  {
   "cell_type": "code",
   "execution_count": 6,
   "metadata": {},
   "outputs": [
    {
     "name": "stdout",
     "output_type": "stream",
     "text": [
      " * postgresql://postgres:***@localhost:5432/lab4\n",
      "25 rows affected.\n",
      " * postgresql://postgres:***@localhost:5432/lab4\n",
      "25 rows affected.\n",
      " * postgresql://postgres:***@localhost:5432/lab4\n",
      "25 rows affected.\n"
     ]
    },
    {
     "data": {
      "text/html": [
       "<p>$\\Pi_{b}$(( R(a,b) ) $\\Join_{b}$ ( S(b,c) ))</p>"
      ],
      "text/plain": [
       "<IPython.core.display.HTML object>"
      ]
     },
     "metadata": {},
     "output_type": "display_data"
    },
    {
     "name": "stdout",
     "output_type": "stream",
     "text": [
      "[(2,), (0,), (3,), (1,), (4,)]\n"
     ]
    }
   ],
   "source": [
    "r = %sql SELECT * FROM R;\n",
    "R = BaseRelation(r, name=\"R\")\n",
    "s = %sql SELECT * FROM S;\n",
    "S = BaseRelation(s, name=\"S\")\n",
    "t = %sql SELECT * FROM T;\n",
    "T = BaseRelation(t, name=\"T\")\n",
    "\n",
    "x = Project([\"b\"], NJoin(R,S))\n",
    "render_markdown(x)\n",
    "print get_result(x)"
   ]
  },
  {
   "cell_type": "markdown",
   "metadata": {},
   "source": [
    "熟悉cost_markdown函数"
   ]
  },
  {
   "cell_type": "code",
   "execution_count": 6,
   "metadata": {},
   "outputs": [
    {
     "data": {
      "text/html": [
       "<p>Total Reads: 775</p>\n",
       "<ul>\n",
       "<li>$\\Pi_{['b']}$ [tuples read in: 125 out: 5]<ul>\n",
       "<li>$\\Join_{b}$ [tuples read in: 650 out: 125]<ul>\n",
       "<li>R(a,b) has 25 tuples </li>\n",
       "<li>S(b,c) has 25 tuples </li>\n",
       "</ul>\n",
       "</li>\n",
       "</ul>\n",
       "</li>\n",
       "</ul>"
      ],
      "text/plain": [
       "<IPython.core.display.HTML object>"
      ]
     },
     "metadata": {},
     "output_type": "display_data"
    }
   ],
   "source": [
    "cost_markdown(x)"
   ]
  },
  {
   "cell_type": "markdown",
   "metadata": {},
   "source": [
    "在关系数据库系统中，cost主要是I/O cost，即数据页或数据块读取次数（**注意和空间数据库系统的差异**）。在计算cost时，做了以下假设：1. 存储系统没有cache，无论是buffer management还是磁盘上的cache；2. 自然连接实现方式，是基于什么算法？通过构造等价的关系代数表达式，优化以下查询。\n",
    "#### 5.1"
   ]
  },
  {
   "cell_type": "code",
   "execution_count": 7,
   "metadata": {},
   "outputs": [
    {
     "data": {
      "text/html": [
       "<p>$\\sigma_{a=2}$($\\Pi_{a,c}$(( R(a,b) ) $\\Join_{b}$ ( S(b,c) )))</p>"
      ],
      "text/plain": [
       "<IPython.core.display.HTML object>"
      ]
     },
     "metadata": {},
     "output_type": "display_data"
    },
    {
     "name": "stdout",
     "output_type": "stream",
     "text": [
      "[(2, 8), (2, 6), (2, 2), (2, 0), (2, 4)]\n"
     ]
    },
    {
     "data": {
      "text/html": [
       "<p>Total Reads: 800</p>\n",
       "<ul>\n",
       "<li>$\\sigma_{a=2}$ [tuples read in: 25 out: 5]<ul>\n",
       "<li>$\\Pi_{['a', 'c']}$ [tuples read in: 125 out: 25]<ul>\n",
       "<li>$\\Join_{b}$ [tuples read in: 650 out: 125]<ul>\n",
       "<li>R(a,b) has 25 tuples </li>\n",
       "<li>S(b,c) has 25 tuples </li>\n",
       "</ul>\n",
       "</li>\n",
       "</ul>\n",
       "</li>\n",
       "</ul>\n",
       "</li>\n",
       "</ul>"
      ],
      "text/plain": [
       "<IPython.core.display.HTML object>"
      ]
     },
     "metadata": {},
     "output_type": "display_data"
    }
   ],
   "source": [
    "x = Select(\"a\", 2, Project([\"a\",\"c\"], NJoin(R,S)))\n",
    "render_markdown(x)\n",
    "print get_result(x)\n",
    "cost_markdown(x)"
   ]
  },
  {
   "cell_type": "code",
   "execution_count": 8,
   "metadata": {},
   "outputs": [
    {
     "data": {
      "text/html": [
       "<p>$\\Pi_{a,c}$(( $\\sigma_{a=2}$(R(a,b)) ) $\\Join_{b}$ ( S(b,c) ))</p>"
      ],
      "text/plain": [
       "<IPython.core.display.HTML object>"
      ]
     },
     "metadata": {},
     "output_type": "display_data"
    },
    {
     "name": "stdout",
     "output_type": "stream",
     "text": [
      "[(2, 0), (2, 6), (2, 8), (2, 4), (2, 2)]\n",
      "True\n"
     ]
    },
    {
     "data": {
      "text/html": [
       "<p>Total Reads: 180</p>\n",
       "<ul>\n",
       "<li>$\\Pi_{['a', 'c']}$ [tuples read in: 25 out: 5]<ul>\n",
       "<li>$\\Join_{b}$ [tuples read in: 130 out: 25]<ul>\n",
       "<li>$\\sigma_{a=2}$ [tuples read in: 25 out: 5]<ul>\n",
       "<li>R(a,b) has 25 tuples </li>\n",
       "</ul>\n",
       "</li>\n",
       "<li>S(b,c) has 25 tuples </li>\n",
       "</ul>\n",
       "</li>\n",
       "</ul>\n",
       "</li>\n",
       "</ul>"
      ],
      "text/plain": [
       "<IPython.core.display.HTML object>"
      ]
     },
     "metadata": {},
     "output_type": "display_data"
    }
   ],
   "source": [
    "y = Project([\"a\",\"c\"], NJoin(Select(\"a\", 2, R), S))\n",
    "render_markdown(y)\n",
    "print get_result(y)\n",
    "print compare_results(x,y)\n",
    "cost_markdown(y)"
   ]
  },
  {
   "cell_type": "markdown",
   "metadata": {},
   "source": [
    "#### 5.2（2分）"
   ]
  },
  {
   "cell_type": "code",
   "execution_count": 9,
   "metadata": {},
   "outputs": [
    {
     "data": {
      "text/html": [
       "<p>$\\sigma_{c=0}$($\\Pi_{a,c}$($\\sigma_{b=0}$(( ( R(a,b) ) $\\Join_{b}$ ( S(b,c) ) ) $\\Join_{c}$ ( T(c,d) ))))</p>"
      ],
      "text/plain": [
       "<IPython.core.display.HTML object>"
      ]
     },
     "metadata": {},
     "output_type": "display_data"
    },
    {
     "name": "stdout",
     "output_type": "stream",
     "text": [
      "[(0, 0), (6, 0), (2, 0), (8, 0), (4, 0)]\n"
     ]
    },
    {
     "data": {
      "text/html": [
       "<p>Total Reads: 4365</p>\n",
       "<ul>\n",
       "<li>$\\sigma_{c=0}$ [tuples read in: 15 out: 5]<ul>\n",
       "<li>$\\Pi_{['a', 'c']}$ [tuples read in: 75 out: 15]<ul>\n",
       "<li>$\\sigma_{b=0}$ [tuples read in: 375 out: 75]<ul>\n",
       "<li>$\\Join_{c}$ [tuples read in: 3250 out: 375]<ul>\n",
       "<li>$\\Join_{b}$ [tuples read in: 650 out: 125]<ul>\n",
       "<li>R(a,b) has 25 tuples </li>\n",
       "<li>S(b,c) has 25 tuples </li>\n",
       "</ul>\n",
       "</li>\n",
       "<li>T(c,d) has 25 tuples </li>\n",
       "</ul>\n",
       "</li>\n",
       "</ul>\n",
       "</li>\n",
       "</ul>\n",
       "</li>\n",
       "</ul>\n",
       "</li>\n",
       "</ul>"
      ],
      "text/plain": [
       "<IPython.core.display.HTML object>"
      ]
     },
     "metadata": {},
     "output_type": "display_data"
    }
   ],
   "source": [
    "x = Select(\"c\", 0, Project([\"a\",\"c\"], Select(\"b\", 0, NJoin(NJoin(R, S), T))))\n",
    "render_markdown(x)\n",
    "print get_result(x)\n",
    "cost_markdown(x)"
   ]
  },
  {
   "cell_type": "code",
   "execution_count": 13,
   "metadata": {},
   "outputs": [
    {
     "data": {
      "text/html": [
       "<p>$\\Pi_{a,c}$(( ( $\\sigma_{b=0}$(S(b,c)) ) $\\Join_{b}$ ( R(a,b) ) ) $\\Join_{c}$ ( $\\sigma_{c=0}$(T(c,d)) ))</p>"
      ],
      "text/plain": [
       "<IPython.core.display.HTML object>"
      ]
     },
     "metadata": {},
     "output_type": "display_data"
    },
    {
     "name": "stdout",
     "output_type": "stream",
     "text": [
      "[(8, 0), (2, 0), (0, 0), (6, 0), (4, 0)]\n",
      "True\n"
     ]
    },
    {
     "data": {
      "text/html": [
       "<p>Total Reads: 955</p>\n",
       "<ul>\n",
       "<li>$\\Pi_{['a', 'c']}$ [tuples read in: 25 out: 5]<ul>\n",
       "<li>$\\Join_{c}$ [tuples read in: 150 out: 25]<ul>\n",
       "<li>$\\Join_{b}$ [tuples read in: 130 out: 25]<ul>\n",
       "<li>$\\sigma_{b=0}$ [tuples read in: 25 out: 5]<ul>\n",
       "<li>S(b,c) has 25 tuples </li>\n",
       "</ul>\n",
       "</li>\n",
       "<li>R(a,b) has 25 tuples </li>\n",
       "</ul>\n",
       "</li>\n",
       "<li>$\\sigma_{c=0}$ [tuples read in: 625 out: 125]<ul>\n",
       "<li>T(c,d) has 25 tuples </li>\n",
       "</ul>\n",
       "</li>\n",
       "</ul>\n",
       "</li>\n",
       "</ul>\n",
       "</li>\n",
       "</ul>"
      ],
      "text/plain": [
       "<IPython.core.display.HTML object>"
      ]
     },
     "metadata": {},
     "output_type": "display_data"
    }
   ],
   "source": [
    "y = Project([\"a\",\"c\"], NJoin(NJoin(Select(\"b\", 0, S), R),(Select(\"c\",0,T))))\n",
    "\n",
    "render_markdown(y)\n",
    "print get_result(y)\n",
    "print compare_results(x,y)\n",
    "cost_markdown(y)"
   ]
  },
  {
   "cell_type": "markdown",
   "metadata": {},
   "source": [
    "#### 5.3（2分）"
   ]
  },
  {
   "cell_type": "code",
   "execution_count": 15,
   "metadata": {},
   "outputs": [
    {
     "data": {
      "text/html": [
       "<p>$\\sigma_{c=0}$($\\Pi_{c}$($\\sigma_{d=2}$($\\sigma_{a=3}$(( R(a,b) ) $\\Join_{b}$ ( ( S(b,c) ) $\\Join_{c}$ ( T(c,d) ) )))))</p>"
      ],
      "text/plain": [
       "<IPython.core.display.HTML object>"
      ]
     },
     "metadata": {},
     "output_type": "display_data"
    },
    {
     "name": "stdout",
     "output_type": "stream",
     "text": [
      "[]\n"
     ]
    },
    {
     "data": {
      "text/html": [
       "<p>Total Reads: 18525</p>\n",
       "<ul>\n",
       "<li>$\\sigma_{c=0}$ [tuples read in: 0 out: 0]<ul>\n",
       "<li>$\\Pi_{['c']}$ [tuples read in: 0 out: 0]<ul>\n",
       "<li>$\\sigma_{d=2}$ [tuples read in: 0 out: 0]<ul>\n",
       "<li>$\\sigma_{a=3}$ [tuples read in: 375 out: 0]<ul>\n",
       "<li>$\\Join_{b}$ [tuples read in: 1900 out: 375]<ul>\n",
       "<li>R(a,b) has 25 tuples </li>\n",
       "<li>$\\Join_{c}$ [tuples read in: 16250 out: 1875]<ul>\n",
       "<li>S(b,c) has 25 tuples </li>\n",
       "<li>T(c,d) has 25 tuples </li>\n",
       "</ul>\n",
       "</li>\n",
       "</ul>\n",
       "</li>\n",
       "</ul>\n",
       "</li>\n",
       "</ul>\n",
       "</li>\n",
       "</ul>\n",
       "</li>\n",
       "</ul>\n",
       "</li>\n",
       "</ul>"
      ],
      "text/plain": [
       "<IPython.core.display.HTML object>"
      ]
     },
     "metadata": {},
     "output_type": "display_data"
    }
   ],
   "source": [
    "x = Select(\"c\", 0, Project([\"c\"], Select(\"d\", 2, Select(\"a\", 3, NJoin(R, NJoin(S,T))))))\n",
    "render_markdown(x)\n",
    "print get_result(x)\n",
    "cost_markdown(x)"
   ]
  },
  {
   "cell_type": "code",
   "execution_count": null,
   "metadata": {},
   "outputs": [],
   "source": [
    "y = Project([\"c\"], NJoin(NJoin(Select(\"c\", 0, S), Select(\"a\",3,R)),(Select(\"d\",2,T))))\n",
    "\n",
    "render_markdown(y)\n",
    "print get_result(y)\n",
    "print compare_results(x,y)\n",
    "cost_markdown(y)"
   ]
  },
  {
   "cell_type": "markdown",
   "metadata": {},
   "source": [
    "### 6. 空间索引（18分）"
   ]
  },
  {
   "cell_type": "markdown",
   "metadata": {},
   "source": [
    "非空间索引相关练习参考课堂练习5。\n",
    "\n",
    "Natural Earth网站下载Admin 0 - [Countries](http://www.naturalearthdata.com/downloads/10m-cultural-vectors/) (4.67 MB version 4.1.0)，[Rivers+lake centerlines](http://www.naturalearthdata.com/downloads/10m-physical-vectors/) (1.73 MB version 4.1.0)，和[Populated Places](http://www.naturalearthdata.com/downloads/10m-cultural-vectors/) (2.68 MB version 4.1.0)数据。\n",
    "\n",
    "在PostgreSQL中导入上述三个shapefile文件，注意导入时**缺省选项是为空间数据创建空间索引**，需要取消这些创建索引选项，手动为Countries、Rivers和Cities创建空间索引，需要手动修改导入后的关系名。\n",
    "\n",
    "<img src = \"shapefile.png\"/>\n",
    "\n",
    "构造以下空间查询，不能使用with语句。首先在无空间索引下查询，然后创建空间索引，再在有空间索引下查询。"
   ]
  },
  {
   "cell_type": "markdown",
   "metadata": {},
   "source": [
    "#### 6.1 查询每条河流穿越国家的次数，查询结果模式为(rivers.name, num)，按次数降序排列（3分）"
   ]
  },
  {
   "cell_type": "code",
   "execution_count": 19,
   "metadata": {},
   "outputs": [
    {
     "name": "stdout",
     "output_type": "stream",
     "text": [
      " * postgresql://postgres:***@localhost:5432/lab4\n",
      "16 rows affected.\n"
     ]
    },
    {
     "data": {
      "text/html": [
       "<table>\n",
       "    <tr>\n",
       "        <th>QUERY PLAN</th>\n",
       "    </tr>\n",
       "    <tr>\n",
       "        <td>Sort  (cost=231220.95..231223.64 rows=1075 width=16) (actual time=276428.554..276428.567 rows=372 loops=1)</td>\n",
       "    </tr>\n",
       "    <tr>\n",
       "        <td>&nbsp;&nbsp;Sort Key: (count(*)) DESC</td>\n",
       "    </tr>\n",
       "    <tr>\n",
       "        <td>&nbsp;&nbsp;Sort Method: quicksort  Memory: 45kB</td>\n",
       "    </tr>\n",
       "    <tr>\n",
       "        <td>&nbsp;&nbsp;-&gt;  GroupAggregate  (cost=231107.30..231166.83 rows=1075 width=16) (actual time=276428.209..276428.449 rows=372 loops=1)</td>\n",
       "    </tr>\n",
       "    <tr>\n",
       "        <td>&nbsp;&nbsp;&nbsp;&nbsp;&nbsp;&nbsp;&nbsp;&nbsp;Group Key: rivers_lake_centerlines.name</td>\n",
       "    </tr>\n",
       "    <tr>\n",
       "        <td>&nbsp;&nbsp;&nbsp;&nbsp;&nbsp;&nbsp;&nbsp;&nbsp;-&gt;  Sort  (cost=231107.30..231123.56 rows=6504 width=8) (actual time=276428.181..276428.260 rows=794 loops=1)</td>\n",
       "    </tr>\n",
       "    <tr>\n",
       "        <td>&nbsp;&nbsp;&nbsp;&nbsp;&nbsp;&nbsp;&nbsp;&nbsp;&nbsp;&nbsp;&nbsp;&nbsp;&nbsp;&nbsp;Sort Key: rivers_lake_centerlines.name</td>\n",
       "    </tr>\n",
       "    <tr>\n",
       "        <td>&nbsp;&nbsp;&nbsp;&nbsp;&nbsp;&nbsp;&nbsp;&nbsp;&nbsp;&nbsp;&nbsp;&nbsp;&nbsp;&nbsp;Sort Method: quicksort  Memory: 61kB</td>\n",
       "    </tr>\n",
       "    <tr>\n",
       "        <td>&nbsp;&nbsp;&nbsp;&nbsp;&nbsp;&nbsp;&nbsp;&nbsp;&nbsp;&nbsp;&nbsp;&nbsp;&nbsp;&nbsp;-&gt;  Nested Loop  (cost=0.00..230695.36 rows=6504 width=8) (actual time=9.122..276421.363 rows=794 loops=1)</td>\n",
       "    </tr>\n",
       "    <tr>\n",
       "        <td>&nbsp;&nbsp;&nbsp;&nbsp;&nbsp;&nbsp;&nbsp;&nbsp;&nbsp;&nbsp;&nbsp;&nbsp;&nbsp;&nbsp;&nbsp;&nbsp;&nbsp;&nbsp;&nbsp;&nbsp;Join Filter: ((countries.geom &amp;&amp; rivers_lake_centerlines.geom) AND _st_crosses(countries.geom, rivers_lake_centerlines.geom))</td>\n",
       "    </tr>\n",
       "    <tr>\n",
       "        <td>&nbsp;&nbsp;&nbsp;&nbsp;&nbsp;&nbsp;&nbsp;&nbsp;&nbsp;&nbsp;&nbsp;&nbsp;&nbsp;&nbsp;&nbsp;&nbsp;&nbsp;&nbsp;&nbsp;&nbsp;Rows Removed by Join Filter: 370231</td>\n",
       "    </tr>\n",
       "    <tr>\n",
       "        <td>&nbsp;&nbsp;&nbsp;&nbsp;&nbsp;&nbsp;&nbsp;&nbsp;&nbsp;&nbsp;&nbsp;&nbsp;&nbsp;&nbsp;&nbsp;&nbsp;&nbsp;&nbsp;&nbsp;&nbsp;-&gt;  Seq Scan on countries  (cost=0.00..119.55 rows=255 width=34690) (actual time=0.093..0.808 rows=255 loops=1)</td>\n",
       "    </tr>\n",
       "    <tr>\n",
       "        <td>&nbsp;&nbsp;&nbsp;&nbsp;&nbsp;&nbsp;&nbsp;&nbsp;&nbsp;&nbsp;&nbsp;&nbsp;&nbsp;&nbsp;&nbsp;&nbsp;&nbsp;&nbsp;&nbsp;&nbsp;-&gt;  Materialize  (cost=0.00..1193.82 rows=1455 width=2874) (actual time=0.000..0.291 rows=1455 loops=255)</td>\n",
       "    </tr>\n",
       "    <tr>\n",
       "        <td>&nbsp;&nbsp;&nbsp;&nbsp;&nbsp;&nbsp;&nbsp;&nbsp;&nbsp;&nbsp;&nbsp;&nbsp;&nbsp;&nbsp;&nbsp;&nbsp;&nbsp;&nbsp;&nbsp;&nbsp;&nbsp;&nbsp;&nbsp;&nbsp;&nbsp;&nbsp;-&gt;  Seq Scan on rivers_lake_centerlines  (cost=0.00..670.55 rows=1455 width=2874) (actual time=0.029..2.697 rows=1455 loops=1)</td>\n",
       "    </tr>\n",
       "    <tr>\n",
       "        <td>Planning Time: 6.916 ms</td>\n",
       "    </tr>\n",
       "    <tr>\n",
       "        <td>Execution Time: 276430.070 ms</td>\n",
       "    </tr>\n",
       "</table>"
      ],
      "text/plain": [
       "[(u'Sort  (cost=231220.95..231223.64 rows=1075 width=16) (actual time=276428.554..276428.567 rows=372 loops=1)',),\n",
       " (u'  Sort Key: (count(*)) DESC',),\n",
       " (u'  Sort Method: quicksort  Memory: 45kB',),\n",
       " (u'  ->  GroupAggregate  (cost=231107.30..231166.83 rows=1075 width=16) (actual time=276428.209..276428.449 rows=372 loops=1)',),\n",
       " (u'        Group Key: rivers_lake_centerlines.name',),\n",
       " (u'        ->  Sort  (cost=231107.30..231123.56 rows=6504 width=8) (actual time=276428.181..276428.260 rows=794 loops=1)',),\n",
       " (u'              Sort Key: rivers_lake_centerlines.name',),\n",
       " (u'              Sort Method: quicksort  Memory: 61kB',),\n",
       " (u'              ->  Nested Loop  (cost=0.00..230695.36 rows=6504 width=8) (actual time=9.122..276421.363 rows=794 loops=1)',),\n",
       " (u'                    Join Filter: ((countries.geom && rivers_lake_centerlines.geom) AND _st_crosses(countries.geom, rivers_lake_centerlines.geom))',),\n",
       " (u'                    Rows Removed by Join Filter: 370231',),\n",
       " (u'                    ->  Seq Scan on countries  (cost=0.00..119.55 rows=255 width=34690) (actual time=0.093..0.808 rows=255 loops=1)',),\n",
       " (u'                    ->  Materialize  (cost=0.00..1193.82 rows=1455 width=2874) (actual time=0.000..0.291 rows=1455 loops=255)',),\n",
       " (u'                          ->  Seq Scan on rivers_lake_centerlines  (cost=0.00..670.55 rows=1455 width=2874) (actual time=0.029..2.697 rows=1455 loops=1)',),\n",
       " (u'Planning Time: 6.916 ms',),\n",
       " (u'Execution Time: 276430.070 ms',)]"
      ]
     },
     "execution_count": 19,
     "metadata": {},
     "output_type": "execute_result"
    }
   ],
   "source": [
    "%%sql \n",
    "explain analyze\n",
    "select rivers_lake_centerlines.name,COUNT(*) AS num\n",
    "from  rivers_lake_centerlines,countries\n",
    "WHERE  ST_Crosses(countries.geom,rivers_lake_centerlines.geom)=true\n",
    "GROUP BY rivers_lake_centerlines.name\n",
    "ORDER BY num DESC"
   ]
  },
  {
   "cell_type": "markdown",
   "metadata": {},
   "source": [
    "基于上述查询规划回答以下问题"
   ]
  },
  {
   "cell_type": "raw",
   "metadata": {},
   "source": [
    "国家和河流的连接操作使用了哪个Join算法： Nested Loop\n",
    "基于河流分组使用了什么算法实现：GroupAggregate\n",
    "按次数降序排列使用了什么算法实现：quicksort \n",
    "按次数降序排列是在磁盘还是内存完成：内存"
   ]
  },
  {
   "cell_type": "markdown",
   "metadata": {},
   "source": [
    "#### 6.2 查询在亚马逊河流10个单位距离内的所有城市，查询结果模式为(cities.gid, cities.name) (使用ST_Distance实现)（3分）"
   ]
  },
  {
   "cell_type": "code",
   "execution_count": 3,
   "metadata": {},
   "outputs": [
    {
     "name": "stdout",
     "output_type": "stream",
     "text": [
      " * postgresql://postgres:***@localhost:5432/lab4\n",
      "12 rows affected.\n"
     ]
    },
    {
     "data": {
      "text/html": [
       "<table>\n",
       "    <tr>\n",
       "        <th>QUERY PLAN</th>\n",
       "    </tr>\n",
       "    <tr>\n",
       "        <td>HashAggregate  (cost=3385.26..3434.21 rows=4895 width=13) (actual time=500.287..500.343 rows=273 loops=1)</td>\n",
       "    </tr>\n",
       "    <tr>\n",
       "        <td>&nbsp;&nbsp;Group Key: populated_places.gid, populated_places.name</td>\n",
       "    </tr>\n",
       "    <tr>\n",
       "        <td>&nbsp;&nbsp;-&gt;  Nested Loop  (cost=0.00..3360.79 rows=4895 width=13) (actual time=25.525..499.940 rows=360 loops=1)</td>\n",
       "    </tr>\n",
       "    <tr>\n",
       "        <td>&nbsp;&nbsp;&nbsp;&nbsp;&nbsp;&nbsp;&nbsp;&nbsp;Join Filter: (st_distance(populated_places.geom, rivers_lake_centerlines.geom) &lt;= '10'::double precision)</td>\n",
       "    </tr>\n",
       "    <tr>\n",
       "        <td>&nbsp;&nbsp;&nbsp;&nbsp;&nbsp;&nbsp;&nbsp;&nbsp;Rows Removed by Join Filter: 14326</td>\n",
       "    </tr>\n",
       "    <tr>\n",
       "        <td>&nbsp;&nbsp;&nbsp;&nbsp;&nbsp;&nbsp;&nbsp;&nbsp;-&gt;  Seq Scan on populated_places  (cost=0.00..1548.43 rows=7343 width=45) (actual time=0.113..2.988 rows=7343 loops=1)</td>\n",
       "    </tr>\n",
       "    <tr>\n",
       "        <td>&nbsp;&nbsp;&nbsp;&nbsp;&nbsp;&nbsp;&nbsp;&nbsp;-&gt;  Materialize  (cost=0.00..674.20 rows=2 width=2866) (actual time=0.000..0.000 rows=2 loops=7343)</td>\n",
       "    </tr>\n",
       "    <tr>\n",
       "        <td>&nbsp;&nbsp;&nbsp;&nbsp;&nbsp;&nbsp;&nbsp;&nbsp;&nbsp;&nbsp;&nbsp;&nbsp;&nbsp;&nbsp;-&gt;  Seq Scan on rivers_lake_centerlines  (cost=0.00..674.19 rows=2 width=2866) (actual time=1.490..2.374 rows=2 loops=1)</td>\n",
       "    </tr>\n",
       "    <tr>\n",
       "        <td>&nbsp;&nbsp;&nbsp;&nbsp;&nbsp;&nbsp;&nbsp;&nbsp;&nbsp;&nbsp;&nbsp;&nbsp;&nbsp;&nbsp;&nbsp;&nbsp;&nbsp;&nbsp;&nbsp;&nbsp;Filter: ((name)::text ~~ '%Amazonas%'::text)</td>\n",
       "    </tr>\n",
       "    <tr>\n",
       "        <td>&nbsp;&nbsp;&nbsp;&nbsp;&nbsp;&nbsp;&nbsp;&nbsp;&nbsp;&nbsp;&nbsp;&nbsp;&nbsp;&nbsp;&nbsp;&nbsp;&nbsp;&nbsp;&nbsp;&nbsp;Rows Removed by Filter: 1453</td>\n",
       "    </tr>\n",
       "    <tr>\n",
       "        <td>Planning Time: 1.591 ms</td>\n",
       "    </tr>\n",
       "    <tr>\n",
       "        <td>Execution Time: 508.157 ms</td>\n",
       "    </tr>\n",
       "</table>"
      ],
      "text/plain": [
       "[(u'HashAggregate  (cost=3385.26..3434.21 rows=4895 width=13) (actual time=500.287..500.343 rows=273 loops=1)',),\n",
       " (u'  Group Key: populated_places.gid, populated_places.name',),\n",
       " (u'  ->  Nested Loop  (cost=0.00..3360.79 rows=4895 width=13) (actual time=25.525..499.940 rows=360 loops=1)',),\n",
       " (u\"        Join Filter: (st_distance(populated_places.geom, rivers_lake_centerlines.geom) <= '10'::double precision)\",),\n",
       " (u'        Rows Removed by Join Filter: 14326',),\n",
       " (u'        ->  Seq Scan on populated_places  (cost=0.00..1548.43 rows=7343 width=45) (actual time=0.113..2.988 rows=7343 loops=1)',),\n",
       " (u'        ->  Materialize  (cost=0.00..674.20 rows=2 width=2866) (actual time=0.000..0.000 rows=2 loops=7343)',),\n",
       " (u'              ->  Seq Scan on rivers_lake_centerlines  (cost=0.00..674.19 rows=2 width=2866) (actual time=1.490..2.374 rows=2 loops=1)',),\n",
       " (u\"                    Filter: ((name)::text ~~ '%Amazonas%'::text)\",),\n",
       " (u'                    Rows Removed by Filter: 1453',),\n",
       " (u'Planning Time: 1.591 ms',),\n",
       " (u'Execution Time: 508.157 ms',)]"
      ]
     },
     "execution_count": 3,
     "metadata": {},
     "output_type": "execute_result"
    }
   ],
   "source": [
    "%%sql \n",
    "explain analyze\n",
    "select distinct populated_places.gid,populated_places.name\n",
    "from rivers_lake_centerlines,populated_places\n",
    "where rivers_lake_centerlines.name like '%Amazonas%' \n",
    "and ST_Distance(populated_places.geom,rivers_lake_centerlines.geom)<=10\n"
   ]
  },
  {
   "cell_type": "markdown",
   "metadata": {},
   "source": [
    "基于上述查询规划回答以下问题"
   ]
  },
  {
   "cell_type": "raw",
   "metadata": {},
   "source": [
    "查询规划估计的查询结果行数为：4895\n",
    "查询语句实际的查询结果行数为：273\n",
    "结果去重时(distinct)采用了什么算法实现：HashAggregate\n",
    "ST_Distance(geometry, geometry)的cost值为(pgAdmin中查找)：25.525"
   ]
  },
  {
   "cell_type": "markdown",
   "metadata": {},
   "source": [
    "#### 6.3 为上述三个关系创建GiST空间索引（3分）"
   ]
  },
  {
   "cell_type": "code",
   "execution_count": 6,
   "metadata": {},
   "outputs": [
    {
     "name": "stdout",
     "output_type": "stream",
     "text": [
      " * postgresql://postgres:***@localhost:5432/lab4\n",
      "Done.\n",
      "Done.\n",
      "Done.\n",
      "Done.\n",
      "Done.\n",
      "Done.\n"
     ]
    },
    {
     "data": {
      "text/plain": [
       "[]"
      ]
     },
     "execution_count": 6,
     "metadata": {},
     "output_type": "execute_result"
    }
   ],
   "source": [
    "%%sql\n",
    "drop index if exists countries_geom_idx;\n",
    "drop index if exists rivers_geom_idx;\n",
    "drop index if exists cities_geom_idx;\n",
    "create index countries_geom_idx on countries Using GiST(geom);\n",
    "create index rivers_geom_idx on rivers_lake_centerlines Using GiST(geom);\n",
    "create index cities_geom_idx on populated_places Using GiST(geom);\n",
    "\n"
   ]
  },
  {
   "cell_type": "markdown",
   "metadata": {},
   "source": [
    "通过pg_class关系查询索引存储所需的数据页数和行数，即Block数目和国家、河流与城市数目"
   ]
  },
  {
   "cell_type": "code",
   "execution_count": 7,
   "metadata": {},
   "outputs": [
    {
     "name": "stdout",
     "output_type": "stream",
     "text": [
      " * postgresql://postgres:***@localhost:5432/lab4\n",
      "1 rows affected.\n"
     ]
    },
    {
     "data": {
      "text/html": [
       "<table>\n",
       "    <tr>\n",
       "        <th>relpages</th>\n",
       "        <th>reltuples</th>\n",
       "    </tr>\n",
       "    <tr>\n",
       "        <td>1</td>\n",
       "        <td>255.0</td>\n",
       "    </tr>\n",
       "</table>"
      ],
      "text/plain": [
       "[(1, 255.0)]"
      ]
     },
     "execution_count": 7,
     "metadata": {},
     "output_type": "execute_result"
    }
   ],
   "source": [
    "%sql select relpages, reltuples from pg_class where relname = 'countries_geom_idx'"
   ]
  },
  {
   "cell_type": "code",
   "execution_count": 8,
   "metadata": {},
   "outputs": [
    {
     "name": "stdout",
     "output_type": "stream",
     "text": [
      " * postgresql://postgres:***@localhost:5432/lab4\n",
      "1 rows affected.\n"
     ]
    },
    {
     "data": {
      "text/html": [
       "<table>\n",
       "    <tr>\n",
       "        <th>relpages</th>\n",
       "        <th>reltuples</th>\n",
       "    </tr>\n",
       "    <tr>\n",
       "        <td>10</td>\n",
       "        <td>1455.0</td>\n",
       "    </tr>\n",
       "</table>"
      ],
      "text/plain": [
       "[(10, 1455.0)]"
      ]
     },
     "execution_count": 8,
     "metadata": {},
     "output_type": "execute_result"
    }
   ],
   "source": [
    "%sql select relpages, reltuples from pg_class where relname = 'rivers_geom_idx'"
   ]
  },
  {
   "cell_type": "code",
   "execution_count": 9,
   "metadata": {},
   "outputs": [
    {
     "name": "stdout",
     "output_type": "stream",
     "text": [
      " * postgresql://postgres:***@localhost:5432/lab4\n",
      "1 rows affected.\n"
     ]
    },
    {
     "data": {
      "text/html": [
       "<table>\n",
       "    <tr>\n",
       "        <th>relpages</th>\n",
       "        <th>reltuples</th>\n",
       "    </tr>\n",
       "    <tr>\n",
       "        <td>50</td>\n",
       "        <td>7343.0</td>\n",
       "    </tr>\n",
       "</table>"
      ],
      "text/plain": [
       "[(50, 7343.0)]"
      ]
     },
     "execution_count": 9,
     "metadata": {},
     "output_type": "execute_result"
    }
   ],
   "source": [
    "%sql select relpages, reltuples from pg_class where relname = 'cities_geom_idx'"
   ]
  },
  {
   "cell_type": "markdown",
   "metadata": {},
   "source": [
    "#### 6.4 再次执行6.1的查询语句（3分）"
   ]
  },
  {
   "cell_type": "code",
   "execution_count": 7,
   "metadata": {},
   "outputs": [
    {
     "name": "stdout",
     "output_type": "stream",
     "text": [
      " * postgresql://postgres:***@localhost:5432/lab4\n",
      "13 rows affected.\n"
     ]
    },
    {
     "data": {
      "text/html": [
       "<table>\n",
       "    <tr>\n",
       "        <th>QUERY PLAN</th>\n",
       "    </tr>\n",
       "    <tr>\n",
       "        <td>Sort  (cost=1220.68..1223.37 rows=1075 width=16) (actual time=180647.224..180647.234 rows=372 loops=1)</td>\n",
       "    </tr>\n",
       "    <tr>\n",
       "        <td>&nbsp;&nbsp;Sort Key: (count(*)) DESC</td>\n",
       "    </tr>\n",
       "    <tr>\n",
       "        <td>&nbsp;&nbsp;Sort Method: quicksort  Memory: 45kB</td>\n",
       "    </tr>\n",
       "    <tr>\n",
       "        <td>&nbsp;&nbsp;-&gt;  HashAggregate  (cost=1155.81..1166.56 rows=1075 width=16) (actual time=180647.084..180647.140 rows=372 loops=1)</td>\n",
       "    </tr>\n",
       "    <tr>\n",
       "        <td>&nbsp;&nbsp;&nbsp;&nbsp;&nbsp;&nbsp;&nbsp;&nbsp;Group Key: rivers_lake_centerlines.name</td>\n",
       "    </tr>\n",
       "    <tr>\n",
       "        <td>&nbsp;&nbsp;&nbsp;&nbsp;&nbsp;&nbsp;&nbsp;&nbsp;-&gt;  Nested Loop  (cost=0.14..1123.29 rows=6504 width=8) (actual time=6.503..180643.967 rows=794 loops=1)</td>\n",
       "    </tr>\n",
       "    <tr>\n",
       "        <td>&nbsp;&nbsp;&nbsp;&nbsp;&nbsp;&nbsp;&nbsp;&nbsp;&nbsp;&nbsp;&nbsp;&nbsp;&nbsp;&nbsp;-&gt;  Seq Scan on countries  (cost=0.00..119.55 rows=255 width=34690) (actual time=0.099..0.553 rows=255 loops=1)</td>\n",
       "    </tr>\n",
       "    <tr>\n",
       "        <td>&nbsp;&nbsp;&nbsp;&nbsp;&nbsp;&nbsp;&nbsp;&nbsp;&nbsp;&nbsp;&nbsp;&nbsp;&nbsp;&nbsp;-&gt;  Index Scan using rivers_geom_idx on rivers_lake_centerlines  (cost=0.14..3.93 rows=1 width=2874) (actual time=130.540..708.305 rows=3 loops=255)</td>\n",
       "    </tr>\n",
       "    <tr>\n",
       "        <td>&nbsp;&nbsp;&nbsp;&nbsp;&nbsp;&nbsp;&nbsp;&nbsp;&nbsp;&nbsp;&nbsp;&nbsp;&nbsp;&nbsp;&nbsp;&nbsp;&nbsp;&nbsp;&nbsp;&nbsp;Index Cond: (countries.geom &amp;&amp; geom)</td>\n",
       "    </tr>\n",
       "    <tr>\n",
       "        <td>&nbsp;&nbsp;&nbsp;&nbsp;&nbsp;&nbsp;&nbsp;&nbsp;&nbsp;&nbsp;&nbsp;&nbsp;&nbsp;&nbsp;&nbsp;&nbsp;&nbsp;&nbsp;&nbsp;&nbsp;Filter: _st_crosses(countries.geom, geom)</td>\n",
       "    </tr>\n",
       "    <tr>\n",
       "        <td>&nbsp;&nbsp;&nbsp;&nbsp;&nbsp;&nbsp;&nbsp;&nbsp;&nbsp;&nbsp;&nbsp;&nbsp;&nbsp;&nbsp;&nbsp;&nbsp;&nbsp;&nbsp;&nbsp;&nbsp;Rows Removed by Filter: 18</td>\n",
       "    </tr>\n",
       "    <tr>\n",
       "        <td>Planning Time: 8.487 ms</td>\n",
       "    </tr>\n",
       "    <tr>\n",
       "        <td>Execution Time: 180648.071 ms</td>\n",
       "    </tr>\n",
       "</table>"
      ],
      "text/plain": [
       "[(u'Sort  (cost=1220.68..1223.37 rows=1075 width=16) (actual time=180647.224..180647.234 rows=372 loops=1)',),\n",
       " (u'  Sort Key: (count(*)) DESC',),\n",
       " (u'  Sort Method: quicksort  Memory: 45kB',),\n",
       " (u'  ->  HashAggregate  (cost=1155.81..1166.56 rows=1075 width=16) (actual time=180647.084..180647.140 rows=372 loops=1)',),\n",
       " (u'        Group Key: rivers_lake_centerlines.name',),\n",
       " (u'        ->  Nested Loop  (cost=0.14..1123.29 rows=6504 width=8) (actual time=6.503..180643.967 rows=794 loops=1)',),\n",
       " (u'              ->  Seq Scan on countries  (cost=0.00..119.55 rows=255 width=34690) (actual time=0.099..0.553 rows=255 loops=1)',),\n",
       " (u'              ->  Index Scan using rivers_geom_idx on rivers_lake_centerlines  (cost=0.14..3.93 rows=1 width=2874) (actual time=130.540..708.305 rows=3 loops=255)',),\n",
       " (u'                    Index Cond: (countries.geom && geom)',),\n",
       " (u'                    Filter: _st_crosses(countries.geom, geom)',),\n",
       " (u'                    Rows Removed by Filter: 18',),\n",
       " (u'Planning Time: 8.487 ms',),\n",
       " (u'Execution Time: 180648.071 ms',)]"
      ]
     },
     "execution_count": 7,
     "metadata": {},
     "output_type": "execute_result"
    }
   ],
   "source": [
    "%%sql \n",
    "explain analyze\n",
    "select rivers_lake_centerlines.name,COUNT(*) AS num\n",
    "from  rivers_lake_centerlines,countries\n",
    "WHERE  ST_Crosses(countries.geom,rivers_lake_centerlines.geom)=true\n",
    "GROUP BY rivers_lake_centerlines.name\n",
    "ORDER BY num DESC\n"
   ]
  },
  {
   "cell_type": "markdown",
   "metadata": {},
   "source": [
    "基于上述查询规划回答以下问题"
   ]
  },
  {
   "cell_type": "raw",
   "metadata": {},
   "source": [
    "查询规划利用了哪些空间索引：rivers_geom_idx\n",
    "国家和河流通过精确几何判断为穿越的行数与空间索引通过包围盒判断可能穿越的行数比值：372 / 794 = 0.49667\n",
    "与6.1相比，查询规划估计的cost值(最大值)减少了(任意单位)：6.916 -  8.487  =-1.571\n",
    "与6.1相比，查询语句实际运行时间减少了(ms)： 276430.070 - 180648.071 = 95781.999"
   ]
  },
  {
   "cell_type": "markdown",
   "metadata": {},
   "source": [
    "#### 6.5 再次查询6.2，使用ST_DWithin实现（4分）"
   ]
  },
  {
   "cell_type": "code",
   "execution_count": 15,
   "metadata": {},
   "outputs": [
    {
     "name": "stdout",
     "output_type": "stream",
     "text": [
      " * postgresql://postgres:***@localhost:5432/lab4\n",
      "17 rows affected.\n"
     ]
    },
    {
     "data": {
      "text/html": [
       "<table>\n",
       "    <tr>\n",
       "        <th>QUERY PLAN</th>\n",
       "    </tr>\n",
       "    <tr>\n",
       "        <td>Unique  (cost=691.07..691.08 rows=1 width=13) (actual time=27.027..27.096 rows=273 loops=1)</td>\n",
       "    </tr>\n",
       "    <tr>\n",
       "        <td>&nbsp;&nbsp;-&gt;  Sort  (cost=691.07..691.08 rows=1 width=13) (actual time=27.026..27.041 rows=360 loops=1)</td>\n",
       "    </tr>\n",
       "    <tr>\n",
       "        <td>&nbsp;&nbsp;&nbsp;&nbsp;&nbsp;&nbsp;&nbsp;&nbsp;Sort Key: populated_places.gid, populated_places.name</td>\n",
       "    </tr>\n",
       "    <tr>\n",
       "        <td>&nbsp;&nbsp;&nbsp;&nbsp;&nbsp;&nbsp;&nbsp;&nbsp;Sort Method: quicksort  Memory: 43kB</td>\n",
       "    </tr>\n",
       "    <tr>\n",
       "        <td>&nbsp;&nbsp;&nbsp;&nbsp;&nbsp;&nbsp;&nbsp;&nbsp;-&gt;  Nested Loop  (cost=4.16..691.06 rows=1 width=13) (actual time=0.491..26.865 rows=360 loops=1)</td>\n",
       "    </tr>\n",
       "    <tr>\n",
       "        <td>&nbsp;&nbsp;&nbsp;&nbsp;&nbsp;&nbsp;&nbsp;&nbsp;&nbsp;&nbsp;&nbsp;&nbsp;&nbsp;&nbsp;-&gt;  Seq Scan on rivers_lake_centerlines  (cost=0.00..674.19 rows=2 width=2866) (actual time=0.418..0.725 rows=2 loops=1)</td>\n",
       "    </tr>\n",
       "    <tr>\n",
       "        <td>&nbsp;&nbsp;&nbsp;&nbsp;&nbsp;&nbsp;&nbsp;&nbsp;&nbsp;&nbsp;&nbsp;&nbsp;&nbsp;&nbsp;&nbsp;&nbsp;&nbsp;&nbsp;&nbsp;&nbsp;Filter: ((name)::text ~~ '%Amazonas%'::text)</td>\n",
       "    </tr>\n",
       "    <tr>\n",
       "        <td>&nbsp;&nbsp;&nbsp;&nbsp;&nbsp;&nbsp;&nbsp;&nbsp;&nbsp;&nbsp;&nbsp;&nbsp;&nbsp;&nbsp;&nbsp;&nbsp;&nbsp;&nbsp;&nbsp;&nbsp;Rows Removed by Filter: 1453</td>\n",
       "    </tr>\n",
       "    <tr>\n",
       "        <td>&nbsp;&nbsp;&nbsp;&nbsp;&nbsp;&nbsp;&nbsp;&nbsp;&nbsp;&nbsp;&nbsp;&nbsp;&nbsp;&nbsp;-&gt;  Bitmap Heap Scan on populated_places  (cost=4.16..8.43 rows=1 width=45) (actual time=0.121..13.026 rows=180 loops=2)</td>\n",
       "    </tr>\n",
       "    <tr>\n",
       "        <td>&nbsp;&nbsp;&nbsp;&nbsp;&nbsp;&nbsp;&nbsp;&nbsp;&nbsp;&nbsp;&nbsp;&nbsp;&nbsp;&nbsp;&nbsp;&nbsp;&nbsp;&nbsp;&nbsp;&nbsp;Recheck Cond: (geom &amp;&amp; st_expand(rivers_lake_centerlines.geom, '10'::double precision))</td>\n",
       "    </tr>\n",
       "    <tr>\n",
       "        <td>&nbsp;&nbsp;&nbsp;&nbsp;&nbsp;&nbsp;&nbsp;&nbsp;&nbsp;&nbsp;&nbsp;&nbsp;&nbsp;&nbsp;&nbsp;&nbsp;&nbsp;&nbsp;&nbsp;&nbsp;Filter: ((rivers_lake_centerlines.geom &amp;&amp; st_expand(geom, '10'::double precision)) AND _st_dwithin(geom, rivers_lake_centerlines.geom, '10'::double precision))</td>\n",
       "    </tr>\n",
       "    <tr>\n",
       "        <td>&nbsp;&nbsp;&nbsp;&nbsp;&nbsp;&nbsp;&nbsp;&nbsp;&nbsp;&nbsp;&nbsp;&nbsp;&nbsp;&nbsp;&nbsp;&nbsp;&nbsp;&nbsp;&nbsp;&nbsp;Rows Removed by Filter: 30</td>\n",
       "    </tr>\n",
       "    <tr>\n",
       "        <td>&nbsp;&nbsp;&nbsp;&nbsp;&nbsp;&nbsp;&nbsp;&nbsp;&nbsp;&nbsp;&nbsp;&nbsp;&nbsp;&nbsp;&nbsp;&nbsp;&nbsp;&nbsp;&nbsp;&nbsp;Heap Blocks: exact=144</td>\n",
       "    </tr>\n",
       "    <tr>\n",
       "        <td>&nbsp;&nbsp;&nbsp;&nbsp;&nbsp;&nbsp;&nbsp;&nbsp;&nbsp;&nbsp;&nbsp;&nbsp;&nbsp;&nbsp;&nbsp;&nbsp;&nbsp;&nbsp;&nbsp;&nbsp;-&gt;  Bitmap Index Scan on cities_geom_idx  (cost=0.00..4.16 rows=1 width=0) (actual time=0.045..0.045 rows=210 loops=2)</td>\n",
       "    </tr>\n",
       "    <tr>\n",
       "        <td>&nbsp;&nbsp;&nbsp;&nbsp;&nbsp;&nbsp;&nbsp;&nbsp;&nbsp;&nbsp;&nbsp;&nbsp;&nbsp;&nbsp;&nbsp;&nbsp;&nbsp;&nbsp;&nbsp;&nbsp;&nbsp;&nbsp;&nbsp;&nbsp;&nbsp;&nbsp;Index Cond: (geom &amp;&amp; st_expand(rivers_lake_centerlines.geom, '10'::double precision))</td>\n",
       "    </tr>\n",
       "    <tr>\n",
       "        <td>Planning Time: 0.296 ms</td>\n",
       "    </tr>\n",
       "    <tr>\n",
       "        <td>Execution Time: 27.174 ms</td>\n",
       "    </tr>\n",
       "</table>"
      ],
      "text/plain": [
       "[(u'Unique  (cost=691.07..691.08 rows=1 width=13) (actual time=27.027..27.096 rows=273 loops=1)',),\n",
       " (u'  ->  Sort  (cost=691.07..691.08 rows=1 width=13) (actual time=27.026..27.041 rows=360 loops=1)',),\n",
       " (u'        Sort Key: populated_places.gid, populated_places.name',),\n",
       " (u'        Sort Method: quicksort  Memory: 43kB',),\n",
       " (u'        ->  Nested Loop  (cost=4.16..691.06 rows=1 width=13) (actual time=0.491..26.865 rows=360 loops=1)',),\n",
       " (u'              ->  Seq Scan on rivers_lake_centerlines  (cost=0.00..674.19 rows=2 width=2866) (actual time=0.418..0.725 rows=2 loops=1)',),\n",
       " (u\"                    Filter: ((name)::text ~~ '%Amazonas%'::text)\",),\n",
       " (u'                    Rows Removed by Filter: 1453',),\n",
       " (u'              ->  Bitmap Heap Scan on populated_places  (cost=4.16..8.43 rows=1 width=45) (actual time=0.121..13.026 rows=180 loops=2)',),\n",
       " (u\"                    Recheck Cond: (geom && st_expand(rivers_lake_centerlines.geom, '10'::double precision))\",),\n",
       " (u\"                    Filter: ((rivers_lake_centerlines.geom && st_expand(geom, '10'::double precision)) AND _st_dwithin(geom, rivers_lake_centerlines.geom, '10'::double precision))\",),\n",
       " (u'                    Rows Removed by Filter: 30',),\n",
       " (u'                    Heap Blocks: exact=144',),\n",
       " (u'                    ->  Bitmap Index Scan on cities_geom_idx  (cost=0.00..4.16 rows=1 width=0) (actual time=0.045..0.045 rows=210 loops=2)',),\n",
       " (u\"                          Index Cond: (geom && st_expand(rivers_lake_centerlines.geom, '10'::double precision))\",),\n",
       " (u'Planning Time: 0.296 ms',),\n",
       " (u'Execution Time: 27.174 ms',)]"
      ]
     },
     "execution_count": 15,
     "metadata": {},
     "output_type": "execute_result"
    }
   ],
   "source": [
    "%%sql \n",
    "explain analyze\n",
    "  select distinct populated_places.gid,populated_places.name\n",
    "from rivers_lake_centerlines,populated_places\n",
    "where\n",
    "rivers_lake_centerlines.name like '%Amazonas%'    \n",
    "and ST_DWithin(populated_places.geom,rivers_lake_centerlines.geom,10)"
   ]
  },
  {
   "cell_type": "markdown",
   "metadata": {},
   "source": [
    "基于上述查询规划回答以下问题"
   ]
  },
  {
   "cell_type": "raw",
   "metadata": {},
   "source": [
    "查询规划利用了哪些空间索引：\n",
    "ST_DWithin(geometry, geomtry)的cost值为(在pgAdmin中查找)：\n",
    "河流和城市通过精确几何判断距离小于10的行数与空间索引通过包围盒判断距离可能小于10的行数比值：273 / 360 = 0.75833\n",
    "与6.2相比，查询规划估计的cost值(最大值)减少了(任意单位)：1.591 - 0.296 = 1.295\n",
    "与6.2相比，查询语句实际运行时间减少了(ms)： 508.157 - 27.174 = 480.983"
   ]
  },
  {
   "cell_type": "markdown",
   "metadata": {},
   "source": [
    "#### 6.6 设置查询选项，如enable_indexscan，再次执行6.5查询语句（2分）"
   ]
  },
  {
   "cell_type": "code",
   "execution_count": 9,
   "metadata": {},
   "outputs": [
    {
     "name": "stdout",
     "output_type": "stream",
     "text": [
      " * postgresql://postgres:***@localhost:5432/lab4\n",
      "Done.\n"
     ]
    },
    {
     "data": {
      "text/plain": [
       "[]"
      ]
     },
     "execution_count": 9,
     "metadata": {},
     "output_type": "execute_result"
    }
   ],
   "source": [
    "%sql SET enable_indexscan = false;"
   ]
  },
  {
   "cell_type": "code",
   "execution_count": 10,
   "metadata": {
    "scrolled": true
   },
   "outputs": [
    {
     "name": "stdout",
     "output_type": "stream",
     "text": [
      " * postgresql://postgres:***@localhost:5432/lab4\n",
      "17 rows affected.\n"
     ]
    },
    {
     "data": {
      "text/html": [
       "<table>\n",
       "    <tr>\n",
       "        <th>QUERY PLAN</th>\n",
       "    </tr>\n",
       "    <tr>\n",
       "        <td>Unique  (cost=691.07..691.08 rows=1 width=13) (actual time=25.697..25.756 rows=273 loops=1)</td>\n",
       "    </tr>\n",
       "    <tr>\n",
       "        <td>&nbsp;&nbsp;-&gt;  Sort  (cost=691.07..691.08 rows=1 width=13) (actual time=25.695..25.708 rows=360 loops=1)</td>\n",
       "    </tr>\n",
       "    <tr>\n",
       "        <td>&nbsp;&nbsp;&nbsp;&nbsp;&nbsp;&nbsp;&nbsp;&nbsp;Sort Key: populated_places.gid, populated_places.name</td>\n",
       "    </tr>\n",
       "    <tr>\n",
       "        <td>&nbsp;&nbsp;&nbsp;&nbsp;&nbsp;&nbsp;&nbsp;&nbsp;Sort Method: quicksort  Memory: 43kB</td>\n",
       "    </tr>\n",
       "    <tr>\n",
       "        <td>&nbsp;&nbsp;&nbsp;&nbsp;&nbsp;&nbsp;&nbsp;&nbsp;-&gt;  Nested Loop  (cost=4.16..691.06 rows=1 width=13) (actual time=0.516..25.494 rows=360 loops=1)</td>\n",
       "    </tr>\n",
       "    <tr>\n",
       "        <td>&nbsp;&nbsp;&nbsp;&nbsp;&nbsp;&nbsp;&nbsp;&nbsp;&nbsp;&nbsp;&nbsp;&nbsp;&nbsp;&nbsp;-&gt;  Seq Scan on rivers_lake_centerlines  (cost=0.00..674.19 rows=2 width=2866) (actual time=0.388..0.797 rows=2 loops=1)</td>\n",
       "    </tr>\n",
       "    <tr>\n",
       "        <td>&nbsp;&nbsp;&nbsp;&nbsp;&nbsp;&nbsp;&nbsp;&nbsp;&nbsp;&nbsp;&nbsp;&nbsp;&nbsp;&nbsp;&nbsp;&nbsp;&nbsp;&nbsp;&nbsp;&nbsp;Filter: ((name)::text ~~ '%Amazonas%'::text)</td>\n",
       "    </tr>\n",
       "    <tr>\n",
       "        <td>&nbsp;&nbsp;&nbsp;&nbsp;&nbsp;&nbsp;&nbsp;&nbsp;&nbsp;&nbsp;&nbsp;&nbsp;&nbsp;&nbsp;&nbsp;&nbsp;&nbsp;&nbsp;&nbsp;&nbsp;Rows Removed by Filter: 1453</td>\n",
       "    </tr>\n",
       "    <tr>\n",
       "        <td>&nbsp;&nbsp;&nbsp;&nbsp;&nbsp;&nbsp;&nbsp;&nbsp;&nbsp;&nbsp;&nbsp;&nbsp;&nbsp;&nbsp;-&gt;  Bitmap Heap Scan on populated_places  (cost=4.16..8.43 rows=1 width=45) (actual time=0.149..12.301 rows=180 loops=2)</td>\n",
       "    </tr>\n",
       "    <tr>\n",
       "        <td>&nbsp;&nbsp;&nbsp;&nbsp;&nbsp;&nbsp;&nbsp;&nbsp;&nbsp;&nbsp;&nbsp;&nbsp;&nbsp;&nbsp;&nbsp;&nbsp;&nbsp;&nbsp;&nbsp;&nbsp;Recheck Cond: (geom &amp;&amp; st_expand(rivers_lake_centerlines.geom, '10'::double precision))</td>\n",
       "    </tr>\n",
       "    <tr>\n",
       "        <td>&nbsp;&nbsp;&nbsp;&nbsp;&nbsp;&nbsp;&nbsp;&nbsp;&nbsp;&nbsp;&nbsp;&nbsp;&nbsp;&nbsp;&nbsp;&nbsp;&nbsp;&nbsp;&nbsp;&nbsp;Filter: ((rivers_lake_centerlines.geom &amp;&amp; st_expand(geom, '10'::double precision)) AND _st_dwithin(geom, rivers_lake_centerlines.geom, '10'::double precision))</td>\n",
       "    </tr>\n",
       "    <tr>\n",
       "        <td>&nbsp;&nbsp;&nbsp;&nbsp;&nbsp;&nbsp;&nbsp;&nbsp;&nbsp;&nbsp;&nbsp;&nbsp;&nbsp;&nbsp;&nbsp;&nbsp;&nbsp;&nbsp;&nbsp;&nbsp;Rows Removed by Filter: 30</td>\n",
       "    </tr>\n",
       "    <tr>\n",
       "        <td>&nbsp;&nbsp;&nbsp;&nbsp;&nbsp;&nbsp;&nbsp;&nbsp;&nbsp;&nbsp;&nbsp;&nbsp;&nbsp;&nbsp;&nbsp;&nbsp;&nbsp;&nbsp;&nbsp;&nbsp;Heap Blocks: exact=144</td>\n",
       "    </tr>\n",
       "    <tr>\n",
       "        <td>&nbsp;&nbsp;&nbsp;&nbsp;&nbsp;&nbsp;&nbsp;&nbsp;&nbsp;&nbsp;&nbsp;&nbsp;&nbsp;&nbsp;&nbsp;&nbsp;&nbsp;&nbsp;&nbsp;&nbsp;-&gt;  Bitmap Index Scan on cities_geom_idx  (cost=0.00..4.16 rows=1 width=0) (actual time=0.066..0.066 rows=210 loops=2)</td>\n",
       "    </tr>\n",
       "    <tr>\n",
       "        <td>&nbsp;&nbsp;&nbsp;&nbsp;&nbsp;&nbsp;&nbsp;&nbsp;&nbsp;&nbsp;&nbsp;&nbsp;&nbsp;&nbsp;&nbsp;&nbsp;&nbsp;&nbsp;&nbsp;&nbsp;&nbsp;&nbsp;&nbsp;&nbsp;&nbsp;&nbsp;Index Cond: (geom &amp;&amp; st_expand(rivers_lake_centerlines.geom, '10'::double precision))</td>\n",
       "    </tr>\n",
       "    <tr>\n",
       "        <td>Planning Time: 0.349 ms</td>\n",
       "    </tr>\n",
       "    <tr>\n",
       "        <td>Execution Time: 25.865 ms</td>\n",
       "    </tr>\n",
       "</table>"
      ],
      "text/plain": [
       "[(u'Unique  (cost=691.07..691.08 rows=1 width=13) (actual time=25.697..25.756 rows=273 loops=1)',),\n",
       " (u'  ->  Sort  (cost=691.07..691.08 rows=1 width=13) (actual time=25.695..25.708 rows=360 loops=1)',),\n",
       " (u'        Sort Key: populated_places.gid, populated_places.name',),\n",
       " (u'        Sort Method: quicksort  Memory: 43kB',),\n",
       " (u'        ->  Nested Loop  (cost=4.16..691.06 rows=1 width=13) (actual time=0.516..25.494 rows=360 loops=1)',),\n",
       " (u'              ->  Seq Scan on rivers_lake_centerlines  (cost=0.00..674.19 rows=2 width=2866) (actual time=0.388..0.797 rows=2 loops=1)',),\n",
       " (u\"                    Filter: ((name)::text ~~ '%Amazonas%'::text)\",),\n",
       " (u'                    Rows Removed by Filter: 1453',),\n",
       " (u'              ->  Bitmap Heap Scan on populated_places  (cost=4.16..8.43 rows=1 width=45) (actual time=0.149..12.301 rows=180 loops=2)',),\n",
       " (u\"                    Recheck Cond: (geom && st_expand(rivers_lake_centerlines.geom, '10'::double precision))\",),\n",
       " (u\"                    Filter: ((rivers_lake_centerlines.geom && st_expand(geom, '10'::double precision)) AND _st_dwithin(geom, rivers_lake_centerlines.geom, '10'::double precision))\",),\n",
       " (u'                    Rows Removed by Filter: 30',),\n",
       " (u'                    Heap Blocks: exact=144',),\n",
       " (u'                    ->  Bitmap Index Scan on cities_geom_idx  (cost=0.00..4.16 rows=1 width=0) (actual time=0.066..0.066 rows=210 loops=2)',),\n",
       " (u\"                          Index Cond: (geom && st_expand(rivers_lake_centerlines.geom, '10'::double precision))\",),\n",
       " (u'Planning Time: 0.349 ms',),\n",
       " (u'Execution Time: 25.865 ms',)]"
      ]
     },
     "execution_count": 10,
     "metadata": {},
     "output_type": "execute_result"
    }
   ],
   "source": [
    "%%sql \n",
    "explain analyze\n",
    "select distinct populated_places.gid,populated_places.name\n",
    "from rivers_lake_centerlines,populated_places\n",
    "where rivers_lake_centerlines.name like '%Amazonas%' \n",
    "and ST_DWithin(populated_places.geom,rivers_lake_centerlines.geom,10)"
   ]
  },
  {
   "cell_type": "markdown",
   "metadata": {},
   "source": [
    "基于上述查询规划，回答该查询是否利用了索引，哪些索引，如何用来加速判断？"
   ]
  },
  {
   "cell_type": "raw",
   "metadata": {},
   "source": [
    "使用了空间索引，使用了cities_geom_idx、rivers_geom_idx，使用空间索引先通过包围盒判断，进行筛选，最后再进行进一步的计算判断"
   ]
  },
  {
   "cell_type": "code",
   "execution_count": null,
   "metadata": {},
   "outputs": [],
   "source": [
    "%%sql\n",
    "SET enable_indexscan = true;\n",
    "SET enable_bitmapscan = true;"
   ]
  },
  {
   "cell_type": "markdown",
   "metadata": {},
   "source": [
    "### 7. 查询规划选择 (附加题3分)\n",
    "\n",
    "关系R(A, B), S(B, C), T(C, D)统计信息如下：<br/>\n",
    "T(R) = $10^5$, T(S) = 6 \\* $10^6$, T(T) = 5 \\* $10^4$<br/>\n",
    "B(R) = 100, B(S) = 3000, B(T) = 40000<br/>\n",
    "V(R, A) = 5 \\* $10^4$, V(R,B) = V(S, B) = 3 \\* $10^3$, V(S, C) = V(T, C) = 2 \\* $10^4$, V(T, D) = $10^4$<br/>\n",
    "创建了非聚集索引R.A, R.B, S.C, T.D和聚集索引S.B, T.C。\n",
    "\n",
    "7.1 查询结果行数估计<br/>\n",
    "&ensp;&ensp;&ensp; Select \\*<br/>\n",
    "&ensp;&ensp;&ensp; From R, S, T<br/>\n",
    "&ensp;&ensp;&ensp; Where R.A = 2432 and R.B = S.B and S.C = T.C and T.D = 1234;"
   ]
  },
  {
   "cell_type": "raw",
   "metadata": {},
   "source": [
    "5"
   ]
  },
  {
   "cell_type": "markdown",
   "metadata": {},
   "source": [
    "7.2 物理查询规划1的cost = 2 + 2 \\* 1 + 4000 \\* 2 = 8004 (具体看Lecture 6)\n",
    "<img width = 500 src = 'physicalplan1.png' />\n",
    "7.3 物理查询规划2如下图所示，估计对应的cost\n",
    "<img width = 500 src = 'physicalplan2.png' />"
   ]
  },
  {
   "cell_type": "raw",
   "metadata": {},
   "source": [
    "cost = 20007\n",
    "与物理查询规划1相比，有何差别？\n",
    "物理查询规划2先选择D的属性值，一共可能有5种可能\n",
    "物理查询规划1根据C进行连接时T中的C只有两种可能"
   ]
  },
  {
   "cell_type": "markdown",
   "metadata": {},
   "source": [
    "### 实习感想\n",
    "\n",
    "收获:-)，疑惑:-|，吐槽:-(，...，你的反馈很重要"
   ]
  },
  {
   "cell_type": "raw",
   "metadata": {},
   "source": [
    "\n"
   ]
  }
 ],
 "metadata": {
  "kernelspec": {
   "display_name": "Python 2",
   "language": "python",
   "name": "python2"
  },
  "language_info": {
   "codemirror_mode": {
    "name": "ipython",
    "version": 2
   },
   "file_extension": ".py",
   "mimetype": "text/x-python",
   "name": "python",
   "nbconvert_exporter": "python",
   "pygments_lexer": "ipython2",
   "version": "2.7.14"
  }
 },
 "nbformat": 4,
 "nbformat_minor": 1
}
